<?xml version="1.0" encoding="UTF-8"?>
<!-- Generated by org.testng.reporters.JUnitReportReporter -->
<testsuite skipped="0" hostname="DESKTOP-ORFPBU2" name="test.MainPageTest" tests="1" failures="0" timestamp="31 Mar 2023 22:31:15 GMT" time="6.411" errors="0">
  <testcase name="userShouldBeAbleToClickOnToggleAllBox" time="6.411" classname="test.MainPageTest"/>
</testsuite> <!-- test.MainPageTest -->
