<?xml version="1.0" encoding="UTF-8"?>
<!-- Generated by org.testng.reporters.JUnitReportReporter -->
<testsuite skipped="0" hostname="DESKTOP-ORFPBU2" name="test.AddAndRemoveItemTest" tests="1" failures="0" timestamp="31 Mar 2023 17:53:19 GMT" time="3.918" errors="0">
  <testcase name="userShouldBeAbleToAddAndRemoveNewItem" time="3.918" classname="test.AddAndRemoveItemTest"/>
</testsuite> <!-- test.AddAndRemoveItemTest -->
